<?xml version="1.0" encoding="UTF-8"?>
<!-- Generated by org.testng.reporters.JUnitReportReporter -->
<testsuite hostname="USER-PC" name="tests.MyTestRunner" tests="1" failures="0" timestamp="28 Jun 2017 23:38:52 GMT" time="2.326" errors="0">
  <testcase name="verifyBBCHomeTest" time="2.326" classname="tests.MyTestRunner"/>
</testsuite> <!-- tests.MyTestRunner -->
