<?xml version="1.0" encoding="UTF-8"?>
<!-- Generated by org.testng.reporters.JUnitReportReporter -->
<testsuite hostname="USER-PC" name="tests.MyTestRunner" tests="1" failures="0" timestamp="27 Jun 2017 23:34:52 GMT" time="4.771" errors="0">
  <testcase name="verifyBBCHomeTest" time="4.771" classname="tests.MyTestRunner"/>
</testsuite> <!-- tests.MyTestRunner -->
